This is pdfTeX, Version 3.14159265-2.6-1.40.17 (MiKTeX 2.9.6210 64-bit) (preloaded format=pdflatex 2017.2.8)  23 FEB 2017 14:18
entering extended mode
**C:/Users/NahimA/Desktop/16f7123SamplePaper/intro.tex
(C:/Users/NahimA/Desktop/16f7123SamplePaper/intro.tex
LaTeX2e <2017/01/01> patch level 1
Babel <3.9r> and hyphenation patterns for 75 language(s) loaded.
! Undefined control sequence.
l.1 \section
            {Introduction}
? 
! Emergency stop.
l.1 \section
            {Introduction}
End of file on the terminal!

 
Here is how much of TeX's memory you used:
 7 strings out of 493333
 206 string characters out of 3139192
 53255 words of memory out of 3000000
 3636 multiletter control sequences out of 15000+200000
 3640 words of font info for 14 fonts, out of 3000000 for 9000
 1141 hyphenation exceptions out of 8191
 5i,0n,1p,78b,8s stack positions out of 5000i,500n,10000p,200000b,50000s
!  ==> Fatal error occurred, no output PDF file produced!
